#
# There is insufficient memory for the Java Runtime Environment to continue.
# Native memory allocation (malloc) failed to allocate 984272 bytes. Error detail: Chunk::new
# Possible reasons:
#   The system is out of physical RAM or swap space
#   This process is running with CompressedOops enabled, and the Java Heap may be blocking the growth of the native heap
# Possible solutions:
#   Reduce memory load on the system
#   Increase physical memory or swap space
#   Check if swap backing store is full
#   Decrease Java heap size (-Xmx/-Xms)
#   Decrease number of Java threads
#   Decrease Java thread stack sizes (-Xss)
#   Set larger code cache with -XX:ReservedCodeCacheSize=
#   JVM is running with Unscaled Compressed Oops mode in which the Java heap is
#     placed in the first 4GB address space. The Java Heap base address is the
#     maximum limit for the native heap growth. Please use -XX:HeapBaseMinAddress
#     to set the Java Heap base and to place the Java Heap above 4GB virtual address.
# This output file may be truncated or incomplete.
#
#  Out of Memory Error (arena.cpp:162), pid=69236, tid=30452
#
# JRE version: OpenJDK Runtime Environment Zulu24.30+11-CA (24.0.1+9) (build 24.0.1+9)
# Java VM: OpenJDK 64-Bit Server VM Zulu24.30+11-CA (24.0.1+9, mixed mode, sharing, tiered, compressed oops, compressed class ptrs, g1 gc, windows-amd64)
# No core dump will be written. Minidumps are not enabled by default on client versions of Windows
#

---------------  S U M M A R Y ------------

Command Line: -Dfile.encoding=UTF-8 --module-path=C:\Users\Nathan\Proyecto1_AjedrezChino\AjedrezChino\build\classes ajedrezchino.Main

Host: 11th Gen Intel(R) Core(TM) i5-1135G7 @ 2.40GHz, 8 cores, 7G,  Windows 11 , 64 bit Build 26100 (10.0.26100.8328)
Time: Tue May 12 15:03:48 2026 Hora estándar, América Central elapsed time: 1978.337648 seconds (0d 0h 32m 58s)

---------------  T H R E A D  ---------------

Current thread (0x000001c0275aae80):  JavaThread "C2 CompilerThread0" daemon [_thread_in_native, id=30452, stack(0x0000006779300000,0x0000006779400000) (1024K)]


Current CompileTask:
C2:1978337 2011       4       jdk.internal.classfile.impl.SplitConstantPool::internalAdd (78 bytes)

Stack: [0x0000006779300000,0x0000006779400000]
Native frames: (J=compiled Java code, j=interpreted, Vv=VM code, C=native code)
V  [jvm.dll+0x7410c9]  (no source info available)
V  [jvm.dll+0x97def3]  (no source info available)
V  [jvm.dll+0x98021d]  (no source info available)
V  [jvm.dll+0x980893]  (no source info available)
V  [jvm.dll+0x2b5b16]  (no source info available)
V  [jvm.dll+0xd019f]  (no source info available)
V  [jvm.dll+0xd03ff]  (no source info available)
V  [jvm.dll+0x15b8bf]  (no source info available)
V  [jvm.dll+0x74698f]  (no source info available)
V  [jvm.dll+0x27a528]  (no source info available)
V  [jvm.dll+0x279641]  (no source info available)
V  [jvm.dll+0x1f313a]  (no source info available)
V  [jvm.dll+0x288e35]  (no source info available)
V  [jvm.dll+0x2870ca]  (no source info available)
V  [jvm.dll+0x43df56]  (no source info available)
V  [jvm.dll+0x920928]  (no source info available)
V  [jvm.dll+0x73f855]  (no source info available)
C  [ucrtbase.dll+0x37b0]  (no source info available)
C  [KERNEL32.DLL+0x2e957]  (no source info available)
C  [ntdll.dll+0x427c]  (no source info available)

Lock stack of current Java thread (top to bottom):


---------------  P R O C E S S  ---------------

Threads class SMR info:
_java_thread_list=0x000001c027725fd0, length=16, elements={
0x000001c02759e090, 0x000001c02759e7d0, 0x000001c0275a2c50, 0x000001c0275a4210,
0x000001c0275a50b0, 0x000001c0275a5cd0, 0x000001c0275aae80, 0x000001c0275bb770,
0x000001c0276b0c70, 0x000001c027761310, 0x000001c0277f1810, 0x000001c0277f1f50,
0x000001c0277f2690, 0x000001c0278b4e80, 0x000001c00830d020, 0x000001c06d742260
}

Java Threads: ( => current thread )
  0x000001c02759e090 JavaThread "Reference Handler"          daemon [_thread_blocked, id=38084, stack(0x0000006778d00000,0x0000006778e00000) (1024K)]
  0x000001c02759e7d0 JavaThread "Finalizer"                  daemon [_thread_blocked, id=29560, stack(0x0000006778e00000,0x0000006778f00000) (1024K)]
  0x000001c0275a2c50 JavaThread "Signal Dispatcher"          daemon [_thread_blocked, id=63404, stack(0x0000006778f00000,0x0000006779000000) (1024K)]
  0x000001c0275a4210 JavaThread "Attach Listener"            daemon [_thread_blocked, id=19928, stack(0x0000006779000000,0x0000006779100000) (1024K)]
  0x000001c0275a50b0 JavaThread "Service Thread"             daemon [_thread_blocked, id=43348, stack(0x0000006779100000,0x0000006779200000) (1024K)]
  0x000001c0275a5cd0 JavaThread "Monitor Deflation Thread"   daemon [_thread_blocked, id=66972, stack(0x0000006779200000,0x0000006779300000) (1024K)]
=>0x000001c0275aae80 JavaThread "C2 CompilerThread0"         daemon [_thread_in_native, id=30452, stack(0x0000006779300000,0x0000006779400000) (1024K)]
  0x000001c0275bb770 JavaThread "C1 CompilerThread0"         daemon [_thread_blocked, id=56724, stack(0x0000006779400000,0x0000006779500000) (1024K)]
  0x000001c0276b0c70 JavaThread "Common-Cleaner"             daemon [_thread_blocked, id=55496, stack(0x0000006779500000,0x0000006779600000) (1024K)]
  0x000001c027761310 JavaThread "Notification Thread"        daemon [_thread_blocked, id=23156, stack(0x0000006779600000,0x0000006779700000) (1024K)]
  0x000001c0277f1810 JavaThread "Java2D Disposer"            daemon [_thread_blocked, id=51056, stack(0x0000006779700000,0x0000006779800000) (1024K)]
  0x000001c0277f1f50 JavaThread "AWT-Shutdown"                      [_thread_blocked, id=43972, stack(0x0000006779800000,0x0000006779900000) (1024K)]
  0x000001c0277f2690 JavaThread "AWT-Windows"                daemon [_thread_in_native, id=37664, stack(0x0000006779900000,0x0000006779a00000) (1024K)]
  0x000001c0278b4e80 JavaThread "AWT-EventQueue-0"                  [_thread_blocked, id=62936, stack(0x0000006779a00000,0x0000006779b00000) (1024K)]
  0x000001c00830d020 JavaThread "DestroyJavaVM"                     [_thread_blocked, id=70420, stack(0x0000006778500000,0x0000006778600000) (1024K)]
  0x000001c06d742260 JavaThread "TimerQueue"                 daemon [_thread_blocked, id=3768, stack(0x0000006779c00000,0x0000006779d00000) (1024K)]
Total: 16

Other Threads:
  0x000001c02758d660 VMThread "VM Thread"                           [id=31724, stack(0x0000006778c00000,0x0000006778d00000) (1024K)]
  0x000001c02757b6c0 WatcherThread "VM Periodic Task Thread"        [id=64424, stack(0x0000006778b00000,0x0000006778c00000) (1024K)]
  0x000001c00a6df850 WorkerThread "GC Thread#0"                     [id=39168, stack(0x0000006778600000,0x0000006778700000) (1024K)]
  0x000001c00a6f5d60 ConcurrentGCThread "G1 Main Marker"            [id=4776, stack(0x0000006778700000,0x0000006778800000) (1024K)]
  0x000001c00a6f7660 WorkerThread "G1 Conc#0"                       [id=27384, stack(0x0000006778800000,0x0000006778900000) (1024K)]
  0x000001c0274485a0 ConcurrentGCThread "G1 Refine#0"               [id=45724, stack(0x0000006778900000,0x0000006778a00000) (1024K)]
  0x000001c027448f30 ConcurrentGCThread "G1 Service"                [id=49740, stack(0x0000006778a00000,0x0000006778b00000) (1024K)]
Total: 7

Threads with active compile tasks:
C2 CompilerThread0  1981735 2011       4       jdk.internal.classfile.impl.SplitConstantPool::internalAdd (78 bytes)
Total: 1

VM state: not at safepoint (normal execution)

VM Mutex/Monitor currently owned by a thread: None

Heap address: 0x0000000084200000, size: 1982 MB, Compressed Oops mode: 32-bit

CDS archive(s) mapped at: [0x000001c028000000-0x000001c028d40000-0x000001c028d40000), size 13893632, SharedBaseAddress: 0x000001c028000000, ArchiveRelocationMode: 1.
Compressed class space mapped at: 0x000001c029000000-0x000001c069000000, reserved size: 1073741824
UseCompressedClassPointers 1, UseCompactObjectHeaders 0
Narrow klass pointer bits 32, Max shift 3
Narrow klass base: 0x000001c028000000, Narrow klass shift: 0
Encoding Range: [0x000001c028000000 - 0x000001c128000000), (4294967296 bytes)
Klass Range:    [0x000001c028000000 - 0x000001c069000000), (1090519040 bytes)
Klass ID Range:  [8 - 1090519033) (1090519025)

GC Precious Log:
 CardTable entry size: 512
 Card Set container configuration: InlinePtr #cards 5 size 8 Array Of Cards #cards 10 size 36 Howl #buckets 4 coarsen threshold 1843 Howl Bitmap #cards 512 size 80 coarsen threshold 460 Card regions per heap region 1 cards per card region 2048
 CPUs: 8 total, 8 available
 Memory: 7926M
 Large Page Support: Disabled
 NUMA Support: Disabled
 Compressed Oops: Enabled (32-bit)
 Heap Region Size: 1M
 Heap Min Capacity: 8M
 Heap Initial Capacity: 124M
 Heap Max Capacity: 1982M
 Pre-touch: Disabled
 Parallel Workers: 8
 Concurrent Workers: 2
 Concurrent Refinement Workers: 8
 Periodic GC: Disabled

Heap:
 garbage-first heap   total reserved 2029568K, committed 129024K, used 32880K [0x0000000084200000, 0x0000000100000000)
  region size 1024K, 24 young (24576K), 0 survivors (0K)
 Metaspace       used 10586K, committed 10752K, reserved 1114112K
  class space    used 977K, committed 1024K, reserved 1048576K

Heap Regions: E=young(eden), S=young(survivor), O=old, HS=humongous(starts), HC=humongous(continues), CS=collection set, F=free, TAMS=top-at-mark-start, PB=parsable bottom
|   0|0x0000000084200000, 0x0000000084300000, 0x0000000084300000|100%|HS|  |TAMS 0x0000000084200000| PB 0x0000000084200000| Complete |  0
|   1|0x0000000084300000, 0x0000000084400000, 0x0000000084400000|100%|HC|  |TAMS 0x0000000084300000| PB 0x0000000084300000| Complete |  0
|   2|0x0000000084400000, 0x0000000084500000, 0x0000000084500000|100%|HC|  |TAMS 0x0000000084400000| PB 0x0000000084400000| Complete |  0
|   3|0x0000000084500000, 0x0000000084600000, 0x0000000084600000|100%|HC|  |TAMS 0x0000000084500000| PB 0x0000000084500000| Complete |  0
|   4|0x0000000084600000, 0x0000000084700000, 0x0000000084700000|100%|HC|  |TAMS 0x0000000084600000| PB 0x0000000084600000| Complete |  0
|   5|0x0000000084700000, 0x0000000084800000, 0x0000000084800000|100%|HS|  |TAMS 0x0000000084700000| PB 0x0000000084700000| Complete |  0
|   6|0x0000000084800000, 0x0000000084900000, 0x0000000084900000|100%|HS|  |TAMS 0x0000000084800000| PB 0x0000000084800000| Complete |  0
|   7|0x0000000084900000, 0x0000000084a00000, 0x0000000084a00000|100%|HC|  |TAMS 0x0000000084900000| PB 0x0000000084900000| Complete |  0
|   8|0x0000000084a00000, 0x0000000084a00000, 0x0000000084b00000|  0%| F|  |TAMS 0x0000000084a00000| PB 0x0000000084a00000| Untracked |  0
|   9|0x0000000084b00000, 0x0000000084b00000, 0x0000000084c00000|  0%| F|  |TAMS 0x0000000084b00000| PB 0x0000000084b00000| Untracked |  0
|  10|0x0000000084c00000, 0x0000000084c00000, 0x0000000084d00000|  0%| F|  |TAMS 0x0000000084c00000| PB 0x0000000084c00000| Untracked |  0
|  11|0x0000000084d00000, 0x0000000084d00000, 0x0000000084e00000|  0%| F|  |TAMS 0x0000000084d00000| PB 0x0000000084d00000| Untracked |  0
|  12|0x0000000084e00000, 0x0000000084e00000, 0x0000000084f00000|  0%| F|  |TAMS 0x0000000084e00000| PB 0x0000000084e00000| Untracked |  0
|  13|0x0000000084f00000, 0x0000000084f00000, 0x0000000085000000|  0%| F|  |TAMS 0x0000000084f00000| PB 0x0000000084f00000| Untracked |  0
|  14|0x0000000085000000, 0x0000000085000000, 0x0000000085100000|  0%| F|  |TAMS 0x0000000085000000| PB 0x0000000085000000| Untracked |  0
|  15|0x0000000085100000, 0x0000000085100000, 0x0000000085200000|  0%| F|  |TAMS 0x0000000085100000| PB 0x0000000085100000| Untracked |  0
|  16|0x0000000085200000, 0x0000000085200000, 0x0000000085300000|  0%| F|  |TAMS 0x0000000085200000| PB 0x0000000085200000| Untracked |  0
|  17|0x0000000085300000, 0x0000000085300000, 0x0000000085400000|  0%| F|  |TAMS 0x0000000085300000| PB 0x0000000085300000| Untracked |  0
|  18|0x0000000085400000, 0x0000000085400000, 0x0000000085500000|  0%| F|  |TAMS 0x0000000085400000| PB 0x0000000085400000| Untracked |  0
|  19|0x0000000085500000, 0x0000000085500000, 0x0000000085600000|  0%| F|  |TAMS 0x0000000085500000| PB 0x0000000085500000| Untracked |  0
|  20|0x0000000085600000, 0x0000000085600000, 0x0000000085700000|  0%| F|  |TAMS 0x0000000085600000| PB 0x0000000085600000| Untracked |  0
|  21|0x0000000085700000, 0x0000000085700000, 0x0000000085800000|  0%| F|  |TAMS 0x0000000085700000| PB 0x0000000085700000| Untracked |  0
|  22|0x0000000085800000, 0x0000000085800000, 0x0000000085900000|  0%| F|  |TAMS 0x0000000085800000| PB 0x0000000085800000| Untracked |  0
|  23|0x0000000085900000, 0x0000000085900000, 0x0000000085a00000|  0%| F|  |TAMS 0x0000000085900000| PB 0x0000000085900000| Untracked |  0
|  24|0x0000000085a00000, 0x0000000085a00000, 0x0000000085b00000|  0%| F|  |TAMS 0x0000000085a00000| PB 0x0000000085a00000| Untracked |  0
|  25|0x0000000085b00000, 0x0000000085b00000, 0x0000000085c00000|  0%| F|  |TAMS 0x0000000085b00000| PB 0x0000000085b00000| Untracked |  0
|  26|0x0000000085c00000, 0x0000000085c00000, 0x0000000085d00000|  0%| F|  |TAMS 0x0000000085c00000| PB 0x0000000085c00000| Untracked |  0
|  27|0x0000000085d00000, 0x0000000085d00000, 0x0000000085e00000|  0%| F|  |TAMS 0x0000000085d00000| PB 0x0000000085d00000| Untracked |  0
|  28|0x0000000085e00000, 0x0000000085e00000, 0x0000000085f00000|  0%| F|  |TAMS 0x0000000085e00000| PB 0x0000000085e00000| Untracked |  0
|  29|0x0000000085f00000, 0x0000000085f00000, 0x0000000086000000|  0%| F|  |TAMS 0x0000000085f00000| PB 0x0000000085f00000| Untracked |  0
|  30|0x0000000086000000, 0x0000000086000000, 0x0000000086100000|  0%| F|  |TAMS 0x0000000086000000| PB 0x0000000086000000| Untracked |  0
|  31|0x0000000086100000, 0x0000000086100000, 0x0000000086200000|  0%| F|  |TAMS 0x0000000086100000| PB 0x0000000086100000| Untracked |  0
|  32|0x0000000086200000, 0x0000000086200000, 0x0000000086300000|  0%| F|  |TAMS 0x0000000086200000| PB 0x0000000086200000| Untracked |  0
|  33|0x0000000086300000, 0x0000000086300000, 0x0000000086400000|  0%| F|  |TAMS 0x0000000086300000| PB 0x0000000086300000| Untracked |  0
|  34|0x0000000086400000, 0x0000000086400000, 0x0000000086500000|  0%| F|  |TAMS 0x0000000086400000| PB 0x0000000086400000| Untracked |  0
|  35|0x0000000086500000, 0x0000000086500000, 0x0000000086600000|  0%| F|  |TAMS 0x0000000086500000| PB 0x0000000086500000| Untracked |  0
|  36|0x0000000086600000, 0x0000000086600000, 0x0000000086700000|  0%| F|  |TAMS 0x0000000086600000| PB 0x0000000086600000| Untracked |  0
|  37|0x0000000086700000, 0x0000000086700000, 0x0000000086800000|  0%| F|  |TAMS 0x0000000086700000| PB 0x0000000086700000| Untracked |  0
|  38|0x0000000086800000, 0x0000000086800000, 0x0000000086900000|  0%| F|  |TAMS 0x0000000086800000| PB 0x0000000086800000| Untracked |  0
|  39|0x0000000086900000, 0x0000000086900000, 0x0000000086a00000|  0%| F|  |TAMS 0x0000000086900000| PB 0x0000000086900000| Untracked |  0
|  40|0x0000000086a00000, 0x0000000086a00000, 0x0000000086b00000|  0%| F|  |TAMS 0x0000000086a00000| PB 0x0000000086a00000| Untracked |  0
|  41|0x0000000086b00000, 0x0000000086b00000, 0x0000000086c00000|  0%| F|  |TAMS 0x0000000086b00000| PB 0x0000000086b00000| Untracked |  0
|  42|0x0000000086c00000, 0x0000000086c00000, 0x0000000086d00000|  0%| F|  |TAMS 0x0000000086c00000| PB 0x0000000086c00000| Untracked |  0
|  43|0x0000000086d00000, 0x0000000086d00000, 0x0000000086e00000|  0%| F|  |TAMS 0x0000000086d00000| PB 0x0000000086d00000| Untracked |  0
|  44|0x0000000086e00000, 0x0000000086e00000, 0x0000000086f00000|  0%| F|  |TAMS 0x0000000086e00000| PB 0x0000000086e00000| Untracked |  0
|  45|0x0000000086f00000, 0x0000000086f00000, 0x0000000087000000|  0%| F|  |TAMS 0x0000000086f00000| PB 0x0000000086f00000| Untracked |  0
|  46|0x0000000087000000, 0x0000000087000000, 0x0000000087100000|  0%| F|  |TAMS 0x0000000087000000| PB 0x0000000087000000| Untracked |  0
|  47|0x0000000087100000, 0x0000000087100000, 0x0000000087200000|  0%| F|  |TAMS 0x0000000087100000| PB 0x0000000087100000| Untracked |  0
|  48|0x0000000087200000, 0x0000000087200000, 0x0000000087300000|  0%| F|  |TAMS 0x0000000087200000| PB 0x0000000087200000| Untracked |  0
|  49|0x0000000087300000, 0x0000000087300000, 0x0000000087400000|  0%| F|  |TAMS 0x0000000087300000| PB 0x0000000087300000| Untracked |  0
|  50|0x0000000087400000, 0x0000000087400000, 0x0000000087500000|  0%| F|  |TAMS 0x0000000087400000| PB 0x0000000087400000| Untracked |  0
|  51|0x0000000087500000, 0x0000000087500000, 0x0000000087600000|  0%| F|  |TAMS 0x0000000087500000| PB 0x0000000087500000| Untracked |  0
|  52|0x0000000087600000, 0x0000000087600000, 0x0000000087700000|  0%| F|  |TAMS 0x0000000087600000| PB 0x0000000087600000| Untracked |  0
|  53|0x0000000087700000, 0x0000000087700000, 0x0000000087800000|  0%| F|  |TAMS 0x0000000087700000| PB 0x0000000087700000| Untracked |  0
|  54|0x0000000087800000, 0x0000000087800000, 0x0000000087900000|  0%| F|  |TAMS 0x0000000087800000| PB 0x0000000087800000| Untracked |  0
|  55|0x0000000087900000, 0x0000000087900000, 0x0000000087a00000|  0%| F|  |TAMS 0x0000000087900000| PB 0x0000000087900000| Untracked |  0
|  56|0x0000000087a00000, 0x0000000087a00000, 0x0000000087b00000|  0%| F|  |TAMS 0x0000000087a00000| PB 0x0000000087a00000| Untracked |  0
|  57|0x0000000087b00000, 0x0000000087b00000, 0x0000000087c00000|  0%| F|  |TAMS 0x0000000087b00000| PB 0x0000000087b00000| Untracked |  0
|  58|0x0000000087c00000, 0x0000000087c00000, 0x0000000087d00000|  0%| F|  |TAMS 0x0000000087c00000| PB 0x0000000087c00000| Untracked |  0
|  59|0x0000000087d00000, 0x0000000087d00000, 0x0000000087e00000|  0%| F|  |TAMS 0x0000000087d00000| PB 0x0000000087d00000| Untracked |  0
|  60|0x0000000087e00000, 0x0000000087e00000, 0x0000000087f00000|  0%| F|  |TAMS 0x0000000087e00000| PB 0x0000000087e00000| Untracked |  0
|  61|0x0000000087f00000, 0x0000000087f00000, 0x0000000088000000|  0%| F|  |TAMS 0x0000000087f00000| PB 0x0000000087f00000| Untracked |  0
|  62|0x0000000088000000, 0x0000000088000000, 0x0000000088100000|  0%| F|  |TAMS 0x0000000088000000| PB 0x0000000088000000| Untracked |  0
|  63|0x0000000088100000, 0x0000000088100000, 0x0000000088200000|  0%| F|  |TAMS 0x0000000088100000| PB 0x0000000088100000| Untracked |  0
|  64|0x0000000088200000, 0x0000000088200000, 0x0000000088300000|  0%| F|  |TAMS 0x0000000088200000| PB 0x0000000088200000| Untracked |  0
|  65|0x0000000088300000, 0x0000000088300000, 0x0000000088400000|  0%| F|  |TAMS 0x0000000088300000| PB 0x0000000088300000| Untracked |  0
|  66|0x0000000088400000, 0x0000000088400000, 0x0000000088500000|  0%| F|  |TAMS 0x0000000088400000| PB 0x0000000088400000| Untracked |  0
|  67|0x0000000088500000, 0x0000000088500000, 0x0000000088600000|  0%| F|  |TAMS 0x0000000088500000| PB 0x0000000088500000| Untracked |  0
|  68|0x0000000088600000, 0x0000000088600000, 0x0000000088700000|  0%| F|  |TAMS 0x0000000088600000| PB 0x0000000088600000| Untracked |  0
|  69|0x0000000088700000, 0x0000000088700000, 0x0000000088800000|  0%| F|  |TAMS 0x0000000088700000| PB 0x0000000088700000| Untracked |  0
|  70|0x0000000088800000, 0x0000000088800000, 0x0000000088900000|  0%| F|  |TAMS 0x0000000088800000| PB 0x0000000088800000| Untracked |  0
|  71|0x0000000088900000, 0x0000000088900000, 0x0000000088a00000|  0%| F|  |TAMS 0x0000000088900000| PB 0x0000000088900000| Untracked |  0
|  72|0x0000000088a00000, 0x0000000088a00000, 0x0000000088b00000|  0%| F|  |TAMS 0x0000000088a00000| PB 0x0000000088a00000| Untracked |  0
|  73|0x0000000088b00000, 0x0000000088b00000, 0x0000000088c00000|  0%| F|  |TAMS 0x0000000088b00000| PB 0x0000000088b00000| Untracked |  0
|  74|0x0000000088c00000, 0x0000000088c00000, 0x0000000088d00000|  0%| F|  |TAMS 0x0000000088c00000| PB 0x0000000088c00000| Untracked |  0
|  75|0x0000000088d00000, 0x0000000088d00000, 0x0000000088e00000|  0%| F|  |TAMS 0x0000000088d00000| PB 0x0000000088d00000| Untracked |  0
|  76|0x0000000088e00000, 0x0000000088e00000, 0x0000000088f00000|  0%| F|  |TAMS 0x0000000088e00000| PB 0x0000000088e00000| Untracked |  0
|  77|0x0000000088f00000, 0x0000000088f00000, 0x0000000089000000|  0%| F|  |TAMS 0x0000000088f00000| PB 0x0000000088f00000| Untracked |  0
|  78|0x0000000089000000, 0x0000000089000000, 0x0000000089100000|  0%| F|  |TAMS 0x0000000089000000| PB 0x0000000089000000| Untracked |  0
|  79|0x0000000089100000, 0x0000000089100000, 0x0000000089200000|  0%| F|  |TAMS 0x0000000089100000| PB 0x0000000089100000| Untracked |  0
|  80|0x0000000089200000, 0x0000000089200000, 0x0000000089300000|  0%| F|  |TAMS 0x0000000089200000| PB 0x0000000089200000| Untracked |  0
|  81|0x0000000089300000, 0x0000000089300000, 0x0000000089400000|  0%| F|  |TAMS 0x0000000089300000| PB 0x0000000089300000| Untracked |  0
|  82|0x0000000089400000, 0x0000000089400000, 0x0000000089500000|  0%| F|  |TAMS 0x0000000089400000| PB 0x0000000089400000| Untracked |  0
|  83|0x0000000089500000, 0x0000000089500000, 0x0000000089600000|  0%| F|  |TAMS 0x0000000089500000| PB 0x0000000089500000| Untracked |  0
|  84|0x0000000089600000, 0x0000000089600000, 0x0000000089700000|  0%| F|  |TAMS 0x0000000089600000| PB 0x0000000089600000| Untracked |  0
|  85|0x0000000089700000, 0x0000000089700000, 0x0000000089800000|  0%| F|  |TAMS 0x0000000089700000| PB 0x0000000089700000| Untracked |  0
|  86|0x0000000089800000, 0x0000000089800000, 0x0000000089900000|  0%| F|  |TAMS 0x0000000089800000| PB 0x0000000089800000| Untracked |  0
|  87|0x0000000089900000, 0x0000000089900000, 0x0000000089a00000|  0%| F|  |TAMS 0x0000000089900000| PB 0x0000000089900000| Untracked |  0
|  88|0x0000000089a00000, 0x0000000089a00000, 0x0000000089b00000|  0%| F|  |TAMS 0x0000000089a00000| PB 0x0000000089a00000| Untracked |  0
|  89|0x0000000089b00000, 0x0000000089b00000, 0x0000000089c00000|  0%| F|  |TAMS 0x0000000089b00000| PB 0x0000000089b00000| Untracked |  0
|  90|0x0000000089c00000, 0x0000000089c00000, 0x0000000089d00000|  0%| F|  |TAMS 0x0000000089c00000| PB 0x0000000089c00000| Untracked |  0
|  91|0x0000000089d00000, 0x0000000089d00000, 0x0000000089e00000|  0%| F|  |TAMS 0x0000000089d00000| PB 0x0000000089d00000| Untracked |  0
|  92|0x0000000089e00000, 0x0000000089e00000, 0x0000000089f00000|  0%| F|  |TAMS 0x0000000089e00000| PB 0x0000000089e00000| Untracked |  0
|  93|0x0000000089f00000, 0x0000000089f00000, 0x000000008a000000|  0%| F|  |TAMS 0x0000000089f00000| PB 0x0000000089f00000| Untracked |  0
|  94|0x000000008a000000, 0x000000008a000000, 0x000000008a100000|  0%| F|  |TAMS 0x000000008a000000| PB 0x000000008a000000| Untracked |  0
|  95|0x000000008a100000, 0x000000008a100000, 0x000000008a200000|  0%| F|  |TAMS 0x000000008a100000| PB 0x000000008a100000| Untracked |  0
|  96|0x000000008a200000, 0x000000008a200000, 0x000000008a300000|  0%| F|  |TAMS 0x000000008a200000| PB 0x000000008a200000| Untracked |  0
|  97|0x000000008a300000, 0x000000008a300000, 0x000000008a400000|  0%| F|  |TAMS 0x000000008a300000| PB 0x000000008a300000| Untracked |  0
|  98|0x000000008a400000, 0x000000008a400000, 0x000000008a500000|  0%| F|  |TAMS 0x000000008a400000| PB 0x000000008a400000| Untracked |  0
|  99|0x000000008a500000, 0x000000008a500000, 0x000000008a600000|  0%| F|  |TAMS 0x000000008a500000| PB 0x000000008a500000| Untracked |  0
| 100|0x000000008a600000, 0x000000008a680000, 0x000000008a700000| 50%| E|  |TAMS 0x000000008a600000| PB 0x000000008a600000| Complete |  0
| 101|0x000000008a700000, 0x000000008a800000, 0x000000008a800000|100%| E|CS|TAMS 0x000000008a700000| PB 0x000000008a700000| Complete |  0
| 102|0x000000008a800000, 0x000000008a900000, 0x000000008a900000|100%| E|CS|TAMS 0x000000008a800000| PB 0x000000008a800000| Complete |  0
| 103|0x000000008a900000, 0x000000008aa00000, 0x000000008aa00000|100%| E|CS|TAMS 0x000000008a900000| PB 0x000000008a900000| Complete |  0
| 104|0x000000008aa00000, 0x000000008ab00000, 0x000000008ab00000|100%| E|CS|TAMS 0x000000008aa00000| PB 0x000000008aa00000| Complete |  0
| 105|0x000000008ab00000, 0x000000008ac00000, 0x000000008ac00000|100%| E|CS|TAMS 0x000000008ab00000| PB 0x000000008ab00000| Complete |  0
| 106|0x000000008ac00000, 0x000000008ad00000, 0x000000008ad00000|100%| E|CS|TAMS 0x000000008ac00000| PB 0x000000008ac00000| Complete |  0
| 107|0x000000008ad00000, 0x000000008ae00000, 0x000000008ae00000|100%| E|CS|TAMS 0x000000008ad00000| PB 0x000000008ad00000| Complete |  0
| 108|0x000000008ae00000, 0x000000008af00000, 0x000000008af00000|100%| E|CS|TAMS 0x000000008ae00000| PB 0x000000008ae00000| Complete |  0
| 109|0x000000008af00000, 0x000000008b000000, 0x000000008b000000|100%| E|CS|TAMS 0x000000008af00000| PB 0x000000008af00000| Complete |  0
| 110|0x000000008b000000, 0x000000008b100000, 0x000000008b100000|100%| E|CS|TAMS 0x000000008b000000| PB 0x000000008b000000| Complete |  0
| 111|0x000000008b100000, 0x000000008b200000, 0x000000008b200000|100%| E|CS|TAMS 0x000000008b100000| PB 0x000000008b100000| Complete |  0
| 112|0x000000008b200000, 0x000000008b300000, 0x000000008b300000|100%| E|CS|TAMS 0x000000008b200000| PB 0x000000008b200000| Complete |  0
| 113|0x000000008b300000, 0x000000008b400000, 0x000000008b400000|100%| E|CS|TAMS 0x000000008b300000| PB 0x000000008b300000| Complete |  0
| 114|0x000000008b400000, 0x000000008b500000, 0x000000008b500000|100%| E|CS|TAMS 0x000000008b400000| PB 0x000000008b400000| Complete |  0
| 115|0x000000008b500000, 0x000000008b600000, 0x000000008b600000|100%| E|CS|TAMS 0x000000008b500000| PB 0x000000008b500000| Complete |  0
| 116|0x000000008b600000, 0x000000008b700000, 0x000000008b700000|100%| E|CS|TAMS 0x000000008b600000| PB 0x000000008b600000| Complete |  0
| 117|0x000000008b700000, 0x000000008b800000, 0x000000008b800000|100%| E|CS|TAMS 0x000000008b700000| PB 0x000000008b700000| Complete |  0
| 118|0x000000008b800000, 0x000000008b900000, 0x000000008b900000|100%| E|CS|TAMS 0x000000008b800000| PB 0x000000008b800000| Complete |  0
| 119|0x000000008b900000, 0x000000008ba00000, 0x000000008ba00000|100%| E|CS|TAMS 0x000000008b900000| PB 0x000000008b900000| Complete |  0
| 120|0x000000008ba00000, 0x000000008bb00000, 0x000000008bb00000|100%| E|CS|TAMS 0x000000008ba00000| PB 0x000000008ba00000| Complete |  0
| 121|0x000000008bb00000, 0x000000008bc00000, 0x000000008bc00000|100%| E|CS|TAMS 0x000000008bb00000| PB 0x000000008bb00000| Complete |  0
| 122|0x000000008bc00000, 0x000000008bd00000, 0x000000008bd00000|100%| E|CS|TAMS 0x000000008bc00000| PB 0x000000008bc00000| Complete |  0
| 123|0x000000008bd00000, 0x000000008be00000, 0x000000008be00000|100%| E|CS|TAMS 0x000000008bd00000| PB 0x000000008bd00000| Complete |  0
|1980|0x00000000ffe00000, 0x00000000fff00000, 0x00000000fff00000|100%| O|  |TAMS 0x00000000ffe00000| PB 0x00000000ffe00000| Untracked |  0
|1981|0x00000000fff00000, 0x00000000fff1c2f8, 0x0000000100000000| 11%| O|  |TAMS 0x00000000fff00000| PB 0x00000000fff00000| Untracked |  0

Card table byte_map: [0x000001c0228a0000,0x000001c022c80000] _byte_map_base: 0x000001c02247f000

Marking Bits: (CMBitMap*) 0x000001c00a6e1e70
 Bits: [0x000001c022c80000, 0x000001c024b78000)

Polling page: 0x000001c008650000

Metaspace:

Usage:
  Non-class:      9.38 MB used.
      Class:    977.41 KB used.
       Both:     10.34 MB used.

Virtual space:
  Non-class space:       64.00 MB reserved,       9.50 MB ( 15%) committed,  1 nodes.
      Class space:        1.00 GB reserved,       1.00 MB ( <1%) committed,  1 nodes.
             Both:        1.06 GB reserved,      10.50 MB ( <1%) committed. 

Chunk freelists:
   Non-Class:  6.43 MB
       Class:  15.00 MB
        Both:  21.43 MB

MaxMetaspaceSize: unlimited
CompressedClassSpaceSize: 1.00 GB
Initial GC threshold: 21.00 MB
Current GC threshold: 21.00 MB
CDS: on
 - commit_granule_bytes: 65536.
 - commit_granule_words: 8192.
 - virtual_space_node_default_size: 8388608.
 - enlarge_chunks_in_place: 1.
UseCompressedClassPointers 1, UseCompactObjectHeaders 0
Narrow klass pointer bits 32, Max shift 3
Narrow klass base: 0x000001c028000000, Narrow klass shift: 0
Encoding Range: [0x000001c028000000 - 0x000001c128000000), (4294967296 bytes)
Klass Range:    [0x000001c028000000 - 0x000001c069000000), (1090519040 bytes)
Klass ID Range:  [8 - 1090519033) (1090519025)


Internal statistics:

num_allocs_failed_limit: 0.
num_arena_births: 128.
num_arena_deaths: 0.
num_vsnodes_births: 2.
num_vsnodes_deaths: 0.
num_space_committed: 168.
num_space_uncommitted: 0.
num_chunks_returned_to_freelist: 0.
num_chunks_taken_from_freelist: 176.
num_chunk_merges: 0.
num_chunk_splits: 108.
num_chunks_enlarged: 62.
num_inconsistent_stats: 0.

CodeHeap 'non-profiled nmethods': size=120064Kb used=764Kb max_used=764Kb free=119299Kb
 bounds [0x000001c01ac50000, 0x000001c01aec0000, 0x000001c022190000]
CodeHeap 'profiled nmethods': size=120000Kb used=3284Kb max_used=3284Kb free=116715Kb
 bounds [0x000001c013190000, 0x000001c0134d0000, 0x000001c01a6c0000]
CodeHeap 'non-nmethods': size=5696Kb used=1683Kb max_used=1852Kb free=4012Kb
 bounds [0x000001c01a6c0000, 0x000001c01a930000, 0x000001c01ac50000]
CodeCache: size=245760Kb, used=5731Kb, max_used=5900Kb, free=240026Kb
 total_blobs=2700, nmethods=2012, adapters=591, full_count=0
Compilation: enabled, stopped_count=0, restarted_count=0

Compilation events (20 events):
Event: 86.395 Thread 0x000001c0275bb770 2005       3       java.util.concurrent.atomic.AtomicBoolean::get (13 bytes)
Event: 86.395 Thread 0x000001c0275bb770 nmethod 2005 0x000001c0134c0088 code [0x000001c0134c01a0, 0x000001c0134c02f8]
Event: 86.434 Thread 0x000001c0275bb770 2006       1       java.awt.Dialog::lambda$show$1 (2 bytes)
Event: 86.434 Thread 0x000001c0275bb770 nmethod 2006 0x000001c01acf8088 code [0x000001c01acf8180, 0x000001c01acf8228]
Event: 86.449 Thread 0x000001c0275aae80 nmethod 1982 0x000001c01acf8388 code [0x000001c01acf8b20, 0x000001c01ad062a8]
Event: 86.450 Thread 0x000001c0275aae80 1984       4       java.util.HashMap::get (19 bytes)
Event: 86.452 Thread 0x000001c0275aae80 nmethod 1984 0x000001c01ad06588 code [0x000001c01ad066c0, 0x000001c01ad069d8]
Event: 86.810 Thread 0x000001c0275aae80 2007   !   4       java.awt.Container::dispatchEventImpl (129 bytes)
Event: 86.810 Thread 0x000001c0275bb770 2008       3       sun.awt.im.InputContext::dispatchEvent (173 bytes)
Event: 86.811 Thread 0x000001c0275bb770 nmethod 2008 0x000001c0134c0388 code [0x000001c0134c06c0, 0x000001c0134c2e50]
Event: 86.855 Thread 0x000001c0275aae80 nmethod 2007 0x000001c01ad06a08 code [0x000001c01ad07020, 0x000001c01ad0ae38]
Event: 87.363 Thread 0x000001c0275bb770 2009       1       javax.swing.JRootPane::getDefaultButton (5 bytes)
Event: 87.363 Thread 0x000001c0275bb770 nmethod 2009 0x000001c01ad0b108 code [0x000001c01ad0b200, 0x000001c01ad0b2c8]
Event: 87.376 Thread 0x000001c0275aae80 2010       4       sun.util.locale.BaseLocale::getInstance (160 bytes)
Event: 87.437 Thread 0x000001c0275aae80 nmethod 2010 0x000001c01ad0b408 code [0x000001c01ad0b8c0, 0x000001c01ad0f128]
Event: 1978.299 Thread 0x000001c0275aae80 2011       4       jdk.internal.classfile.impl.SplitConstantPool::internalAdd (78 bytes)
Event: 1978.310 Thread 0x000001c0275bb770 2012       3       jdk.internal.classfile.impl.AbstractPoolEntry$Utf8EntryImpl::equalsString (215 bytes)
Event: 1978.324 Thread 0x000001c0275bb770 nmethod 2012 0x000001c0134c2f88 code [0x000001c0134c3280, 0x000001c0134c4dd8]
Event: 1978.324 Thread 0x000001c0275bb770 2013       3       jdk.internal.misc.Unsafe::storeFence (5 bytes)
Event: 1978.325 Thread 0x000001c0275bb770 nmethod 2013 0x000001c0134c4e88 code [0x000001c0134c4fa0, 0x000001c0134c5140]

GC Heap History (0 events):
No events

Dll operation events (9 events):
Event: 0.014 Loaded shared library C:\Program Files\Apache NetBeans\jdk\bin\java.dll
Event: 0.046 Loaded shared library C:\Program Files\Apache NetBeans\jdk\bin\jsvml.dll
Event: 0.069 Loaded shared library C:\Program Files\Apache NetBeans\jdk\bin\net.dll
Event: 0.070 Loaded shared library C:\Program Files\Apache NetBeans\jdk\bin\nio.dll
Event: 0.090 Loaded shared library C:\Program Files\Apache NetBeans\jdk\bin\jimage.dll
Event: 0.094 Loaded shared library C:\Program Files\Apache NetBeans\jdk\bin\awt.dll
Event: 0.244 Loaded shared library C:\Program Files\Apache NetBeans\jdk\bin\zip.dll
Event: 0.390 Loaded shared library C:\Program Files\Apache NetBeans\jdk\bin\freetype.dll
Event: 0.391 Loaded shared library C:\Program Files\Apache NetBeans\jdk\bin\fontmanager.dll

Deoptimization events (20 events):
Event: 86.155 Thread 0x000001c0276ce300 Uncommon trap: trap_request=0xffffff6e fr.pc=0x000001c01acf3224 relative=0x0000000000002144
Event: 86.155 Thread 0x000001c0276ce300 Uncommon trap: reason=loop_limit_check action=maybe_recompile pc=0x000001c01acf3224 method=sun.awt.image.PNGImageDecoder.produceImage()V @ 731 c2
Event: 86.155 Thread 0x000001c0276ce300 DEOPT PACKING pc=0x000001c01acf3224 sp=0x00000067784ff160
Event: 86.155 Thread 0x000001c0276ce300 DEOPT UNPACKING pc=0x000001c01a7e7b02 sp=0x00000067784ff090 mode 2
Event: 1978.263 Thread 0x000001c0277f2690 Uncommon trap: trap_request=0xffffffd6 fr.pc=0x000001c01acf53c0 relative=0x0000000000000660
Event: 1978.270 Thread 0x000001c0277f2690 Uncommon trap: reason=array_check action=maybe_recompile pc=0x000001c01acf53c0 method=jdk.internal.classfile.impl.SplitConstantPool.internalAdd(Ljava/lang/classfile/constantpool/PoolEntry;I)Ljava/lang/classfile/constantpool/PoolEntry; @ 46 c2
Event: 1978.270 Thread 0x000001c0277f2690 DEOPT PACKING pc=0x000001c01acf53c0 sp=0x00000067799fd7a0
Event: 1978.271 Thread 0x000001c0277f2690 DEOPT UNPACKING pc=0x000001c01a7e7b02 sp=0x00000067799fd730 mode 2
Event: 1978.280 Thread 0x000001c0277f2690 Uncommon trap: trap_request=0xffffffd6 fr.pc=0x000001c01acf53c0 relative=0x0000000000000660
Event: 1978.280 Thread 0x000001c0277f2690 Uncommon trap: reason=array_check action=maybe_recompile pc=0x000001c01acf53c0 method=jdk.internal.classfile.impl.SplitConstantPool.internalAdd(Ljava/lang/classfile/constantpool/PoolEntry;I)Ljava/lang/classfile/constantpool/PoolEntry; @ 46 c2
Event: 1978.280 Thread 0x000001c0277f2690 DEOPT PACKING pc=0x000001c01acf53c0 sp=0x00000067799fd7a0
Event: 1978.280 Thread 0x000001c0277f2690 DEOPT UNPACKING pc=0x000001c01a7e7b02 sp=0x00000067799fd730 mode 2
Event: 1978.291 Thread 0x000001c0277f2690 Uncommon trap: trap_request=0xffffffd6 fr.pc=0x000001c01acf53c0 relative=0x0000000000000660
Event: 1978.291 Thread 0x000001c0277f2690 Uncommon trap: reason=array_check action=maybe_recompile pc=0x000001c01acf53c0 method=jdk.internal.classfile.impl.SplitConstantPool.internalAdd(Ljava/lang/classfile/constantpool/PoolEntry;I)Ljava/lang/classfile/constantpool/PoolEntry; @ 46 c2
Event: 1978.291 Thread 0x000001c0277f2690 DEOPT PACKING pc=0x000001c01acf53c0 sp=0x00000067799fd4e0
Event: 1978.291 Thread 0x000001c0277f2690 DEOPT UNPACKING pc=0x000001c01a7e7b02 sp=0x00000067799fd470 mode 2
Event: 1978.291 Thread 0x000001c0277f2690 Uncommon trap: trap_request=0xffffffd6 fr.pc=0x000001c01acf53c0 relative=0x0000000000000660
Event: 1978.291 Thread 0x000001c0277f2690 Uncommon trap: reason=array_check action=maybe_recompile pc=0x000001c01acf53c0 method=jdk.internal.classfile.impl.SplitConstantPool.internalAdd(Ljava/lang/classfile/constantpool/PoolEntry;I)Ljava/lang/classfile/constantpool/PoolEntry; @ 46 c2
Event: 1978.291 Thread 0x000001c0277f2690 DEOPT PACKING pc=0x000001c01acf53c0 sp=0x00000067799fd4e0
Event: 1978.291 Thread 0x000001c0277f2690 DEOPT UNPACKING pc=0x000001c01a7e7b02 sp=0x00000067799fd470 mode 2

Classes loaded (20 events):
Event: 85.037 Loading class sun/awt/windows/WPrintDialogPeer
Event: 85.037 Loading class sun/awt/windows/WPrintDialogPeer done
Event: 85.050 Loading class java/awt/ModalEventFilter$1
Event: 85.050 Loading class java/awt/ModalEventFilter$1 done
Event: 85.050 Loading class java/awt/ModalEventFilter$ApplicationModalEventFilter
Event: 85.050 Loading class java/awt/ModalEventFilter$ApplicationModalEventFilter done
Event: 85.050 Loading class sun/awt/ModalityEvent
Event: 85.050 Loading class sun/awt/ModalityEvent done
Event: 85.051 Loading class java/util/Vector$Itr
Event: 85.051 Loading class java/util/Vector$Itr done
Event: 85.053 Loading class java/awt/WaitDispatchSupport
Event: 85.053 Loading class java/awt/SecondaryLoop
Event: 85.053 Loading class java/awt/SecondaryLoop done
Event: 85.053 Loading class java/awt/WaitDispatchSupport done
Event: 85.053 Loading class java/awt/WaitDispatchSupport$4
Event: 85.053 Loading class java/awt/WaitDispatchSupport$4 done
Event: 85.053 Loading class java/awt/WaitDispatchSupport$1
Event: 85.053 Loading class java/awt/WaitDispatchSupport$1 done
Event: 85.053 Loading class java/awt/WaitDispatchSupport$2
Event: 85.053 Loading class java/awt/WaitDispatchSupport$2 done

Classes unloaded (0 events):
No events

Classes redefined (0 events):
No events

Internal exceptions (20 events):
Event: 0.162 Thread 0x000001c0278b4e80 Exception <a 'java/lang/NoSuchMethodError'{0x000000008b9730a0}: 'java.lang.Object java.lang.invoke.DirectMethodHandle$Holder.invokeStaticInit(java.lang.Object, long)'> (0x000000008b9730a0) 
thrown [s\src\hotspot\share\interpreter\linkResolver.cpp, line 805]
Event: 0.179 Thread 0x000001c0278b4e80 Exception <a 'java/lang/NoSuchMethodError'{0x000000008b8230d0}: 'void java.lang.invoke.DirectMethodHandle$Holder.invokeSpecial(java.lang.Object, java.lang.Object, java.lang.Object)'> (0x000000008b8230d0) 
thrown [s\src\hotspot\share\interpreter\linkResolver.cpp, line 805]
Event: 0.188 Thread 0x000001c0278b4e80 Exception <a 'java/lang/NoSuchMethodError'{0x000000008b892c98}: 'java.lang.Object java.lang.invoke.DirectMethodHandle$Holder.newInvokeSpecial(java.lang.Object, java.lang.Object, java.lang.Object, java.lang.Object, java.lang.Object)'> (0x000000008b892c98) 
thrown [s\src\hotspot\share\interpreter\linkResolver.cpp, line 805]
Event: 0.192 Thread 0x000001c0278b4e80 Exception <a 'java/lang/NoSuchMethodError'{0x000000008b8fade0}: 'java.lang.Object java.lang.invoke.DirectMethodHandle$Holder.invokeStatic(java.lang.Object, int, java.lang.Object)'> (0x000000008b8fade0) 
thrown [s\src\hotspot\share\interpreter\linkResolver.cpp, line 805]
Event: 0.216 Thread 0x000001c0278b4e80 Exception <a 'java/lang/ClassNotFoundException'{0x000000008b5286d0}: com/sun/swing/internal/plaf/metal/resources/spi/metalProvider> (0x000000008b5286d0) 
thrown [s\src\hotspot\share\classfile\systemDictionary.cpp, line 327]
Event: 0.217 Thread 0x000001c0278b4e80 Exception <a 'java/lang/ClassNotFoundException'{0x000000008b52d0e0}: com/sun/swing/internal/plaf/basic/resources/spi/basicProvider> (0x000000008b52d0e0) 
thrown [s\src\hotspot\share\classfile\systemDictionary.cpp, line 327]
Event: 0.225 Thread 0x000001c0278b4e80 Exception <a 'java/lang/NoSuchMethodError'{0x000000008b55dff0}: 'int java.lang.invoke.Invokers$Holder.invokeExact_MT(java.lang.Object, java.lang.Object)'> (0x000000008b55dff0) 
thrown [s\src\hotspot\share\interpreter\linkResolver.cpp, line 805]
Event: 0.364 Thread 0x000001c0278b4e80 Exception <a 'java/lang/NoSuchMethodError'{0x000000008af84210}: 'void java.lang.invoke.DirectMethodHandle$Holder.invokeStatic(java.lang.Object, java.lang.Object)'> (0x000000008af84210) 
thrown [s\src\hotspot\share\interpreter\linkResolver.cpp, line 805]
Event: 0.384 Thread 0x000001c0278b4e80 Exception <a 'java/lang/NoSuchMethodError'{0x000000008afb6b00}: 'void java.lang.invoke.DirectMethodHandle$Holder.invokeStaticInit(java.lang.Object)'> (0x000000008afb6b00) 
thrown [s\src\hotspot\share\interpreter\linkResolver.cpp, line 805]
Event: 0.399 Thread 0x000001c0278b4e80 Exception <a 'java/lang/NoSuchMethodError'{0x000000008afeb210}: 'long java.lang.invoke.DirectMethodHandle$Holder.invokeStaticInit(java.lang.Object, long, long, long, long)'> (0x000000008afeb210) 
thrown [s\src\hotspot\share\interpreter\linkResolver.cpp, line 805]
Event: 0.400 Thread 0x000001c0278b4e80 Exception <a 'java/lang/NoSuchMethodError'{0x000000008aff3c18}: 'java.lang.Object java.lang.invoke.DirectMethodHandle$Holder.invokeInterface(java.lang.Object, java.lang.Object, long, long)'> (0x000000008aff3c18) 
thrown [s\src\hotspot\share\interpreter\linkResolver.cpp, line 805]
Event: 0.402 Thread 0x000001c0278b4e80 Exception <a 'java/lang/NoSuchMethodError'{0x000000008ae0cad8}: 'void java.lang.invoke.DirectMethodHandle$Holder.invokeStaticInit(java.lang.Object, java.lang.Object, long, java.lang.Object)'> (0x000000008ae0cad8) 
thrown [s\src\hotspot\share\interpreter\linkResolver.cpp, line 805]
Event: 0.403 Thread 0x000001c0278b4e80 Exception <a 'java/lang/NoSuchMethodError'{0x000000008ae156c0}: 'long java.lang.invoke.DirectMethodHandle$Holder.invokeStatic(java.lang.Object, long, long)'> (0x000000008ae156c0) 
thrown [s\src\hotspot\share\interpreter\linkResolver.cpp, line 805]
Event: 0.407 Thread 0x000001c0278b4e80 Exception <a 'java/lang/NoSuchMethodError'{0x000000008ae3e790}: 'java.lang.Object java.lang.invoke.DirectMethodHandle$Holder.newInvokeSpecial(java.lang.Object, int, java.lang.Object)'> (0x000000008ae3e790) 
thrown [s\src\hotspot\share\interpreter\linkResolver.cpp, line 805]
Event: 0.449 Thread 0x000001c0278b4e80 Exception <a 'java/lang/NoSuchMethodError'{0x000000008aed0590}: 'void java.lang.invoke.DelegatingMethodHandle$Holder.reinvoke_L(java.lang.Object, java.lang.Object, java.lang.Object, java.lang.Object, long, long, float)'> (0x000000008aed0590) 
thrown [s\src\hotspot\share\interpreter\linkResolver.cpp, line 805]
Event: 0.453 Thread 0x000001c0278b4e80 Exception <a 'java/lang/NoSuchMethodError'{0x000000008aef0930}: 'java.lang.Object java.lang.invoke.DirectMethodHandle$Holder.invokeStatic(java.lang.Object, java.lang.Object, java.lang.Object, java.lang.Object, java.lang.Object, long)'> (0x000000008aef0930) 
thrown [s\src\hotspot\share\interpreter\linkResolver.cpp, line 805]
Event: 0.457 Thread 0x000001c0278b4e80 Exception <a 'java/lang/NoSuchMethodError'{0x000000008ad34308}: 'float java.lang.invoke.DelegatingMethodHandle$Holder.reinvoke_L(java.lang.Object, java.lang.Object, java.lang.Object, java.lang.Object, long, long)'> (0x000000008ad34308) 
thrown [s\src\hotspot\share\interpreter\linkResolver.cpp, line 805]
Event: 0.488 Thread 0x000001c0277f2690 Exception <a 'java/lang/NoSuchMethodError'{0x000000008ba904a0}: 'void java.lang.invoke.DirectMethodHandle$Holder.invokeVirtual(java.lang.Object, java.lang.Object)'> (0x000000008ba904a0) 
thrown [s\src\hotspot\share\interpreter\linkResolver.cpp, line 805]
Event: 3.466 Thread 0x000001c0278b4e80 Exception <a 'java/lang/NoSuchMethodError'{0x000000008ac40730}: 'java.lang.Object java.lang.invoke.DirectMethodHandle$Holder.newInvokeSpecial(java.lang.Object, java.lang.Object, java.lang.Object, java.lang.Object, java.lang.Object, java.lang.Object, java.lang.Object)'> (0x000000008ac40730) 
thrown [s\src\hotspot\share\interpreter\linkResolver.cpp, line 805]
Event: 85.052 Thread 0x000001c0278b4e80 Exception <a 'java/lang/NoSuchMethodError'{0x000000008a7b67c0}: 'int java.lang.invoke.DirectMethodHandle$Holder.invokeStatic(java.lang.Object)'> (0x000000008a7b67c0) 
thrown [s\src\hotspot\share\interpreter\linkResolver.cpp, line 805]

VM Operations (20 events):
Event: 0.262 Executing VM operation: HandshakeAllThreads (Deoptimize)
Event: 0.262 Executing VM operation: HandshakeAllThreads (Deoptimize) done
Event: 0.406 Executing VM operation: HandshakeAllThreads (Deoptimize)
Event: 0.406 Executing VM operation: HandshakeAllThreads (Deoptimize) done
Event: 3.441 Executing VM operation: HandshakeAllThreads (Deoptimize)
Event: 3.441 Executing VM operation: HandshakeAllThreads (Deoptimize) done
Event: 29.236 Executing VM operation: HandshakeAllThreads (Deoptimize)
Event: 29.236 Executing VM operation: HandshakeAllThreads (Deoptimize) done
Event: 29.246 Executing VM operation: HandshakeAllThreads (Deoptimize)
Event: 29.246 Executing VM operation: HandshakeAllThreads (Deoptimize) done
Event: 60.164 Executing VM operation: HandshakeAllThreads (HandshakeForDeflation)
Event: 60.164 Executing VM operation: HandshakeAllThreads (HandshakeForDeflation) done
Event: 60.164 Executing VM operation: RendezvousGCThreads
Event: 60.164 Executing VM operation: RendezvousGCThreads done
Event: 85.012 Executing VM operation: HandshakeAllThreads (Deoptimize)
Event: 85.013 Executing VM operation: HandshakeAllThreads (Deoptimize) done
Event: 120.375 Executing VM operation: HandshakeAllThreads (HandshakeForDeflation)
Event: 120.376 Executing VM operation: HandshakeAllThreads (HandshakeForDeflation) done
Event: 120.376 Executing VM operation: RendezvousGCThreads
Event: 120.376 Executing VM operation: RendezvousGCThreads done

Memory protections (0 events):
No events

Nmethod flushes (0 events):
No events

Events (20 events):
Event: 0.044 Thread 0x000001c00830d020 Thread added: 0x000001c0275a5cd0
Event: 0.044 Thread 0x000001c00830d020 Thread added: 0x000001c0275aae80
Event: 0.044 Thread 0x000001c00830d020 Thread added: 0x000001c0275bb770
Event: 0.067 Thread 0x000001c00830d020 Thread added: 0x000001c0276b0c70
Event: 0.081 Thread 0x000001c00830d020 Thread added: 0x000001c027761310
Event: 0.126 Thread 0x000001c00830d020 Thread added: 0x000001c0277f1810
Event: 0.126 Thread 0x000001c00830d020 Thread added: 0x000001c0277f1f50
Event: 0.127 Thread 0x000001c00830d020 Thread added: 0x000001c0277f2690
Event: 0.135 Thread 0x000001c00830d020 Thread added: 0x000001c0278b4e80
Event: 0.136 Thread 0x000001c00830d020 Thread exited: 0x000001c00830d020
Event: 0.136 Thread 0x000001c00830d020 Thread added: 0x000001c00830d020
Event: 0.232 Thread 0x000001c0278b4e80 Thread added: 0x000001c027811060
Event: 0.261 Thread 0x000001c0275bb770 Thread added: 0x000001c06d432590
Event: 0.556 Thread 0x000001c06d432590 Thread exited: 0x000001c06d432590
Event: 3.964 Thread 0x000001c0278b4e80 Thread added: 0x000001c06d742260
Event: 5.356 Thread 0x000001c027811060 Thread exited: 0x000001c027811060
Event: 12.007 Thread 0x000001c0275bb770 Thread added: 0x000001c06d7a5ae0
Event: 13.245 Thread 0x000001c06d7a5ae0 Thread exited: 0x000001c06d7a5ae0
Event: 85.003 Thread 0x000001c0278b4e80 Thread added: 0x000001c0276ce300
Event: 91.156 Thread 0x000001c0276ce300 Thread exited: 0x000001c0276ce300


Dynamic libraries:
0x00007ff6ad010000 - 0x00007ff6ad01e000 	C:\Program Files\Apache NetBeans\jdk\bin\java.exe
0x00007ff80e3c0000 - 0x00007ff80e627000 	C:\WINDOWS\SYSTEM32\ntdll.dll
0x00007ff80cc50000 - 0x00007ff80cd19000 	C:\WINDOWS\System32\KERNEL32.DLL
0x00007ff80af90000 - 0x00007ff80b387000 	C:\WINDOWS\System32\KERNELBASE.dll
0x00007ff80bf60000 - 0x00007ff80c0ab000 	C:\WINDOWS\System32\ucrtbase.dll
0x00007ffffa440000 - 0x00007ffffa45e000 	C:\Program Files\Apache NetBeans\jdk\bin\VCRUNTIME140.dll
0x00007ffff72d0000 - 0x00007ffff72e6000 	C:\Program Files\Apache NetBeans\jdk\bin\jli.dll
0x00007ff80d720000 - 0x00007ff80d8e6000 	C:\WINDOWS\System32\USER32.dll
0x00007ff80aea0000 - 0x00007ff80aec7000 	C:\WINDOWS\System32\win32u.dll
0x00007ffff59a0000 - 0x00007ffff5c32000 	C:\WINDOWS\WinSxS\amd64_microsoft.windows.common-controls_6595b64144ccf1df_6.0.26100.8328_none_3e08182ce334b678\COMCTL32.dll
0x00007ff80e0f0000 - 0x00007ff80e11b000 	C:\WINDOWS\System32\GDI32.dll
0x00007ff80d160000 - 0x00007ff80d209000 	C:\WINDOWS\System32\msvcrt.dll
0x00007ff80b440000 - 0x00007ff80b56c000 	C:\WINDOWS\System32\gdi32full.dll
0x00007ff80adf0000 - 0x00007ff80ae93000 	C:\WINDOWS\System32\msvcp_win.dll
0x00007ff80cd20000 - 0x00007ff80cd52000 	C:\WINDOWS\System32\IMM32.DLL
0x00007ff8020e0000 - 0x00007ff8020ec000 	C:\Program Files\Apache NetBeans\jdk\bin\vcruntime140_1.dll
0x00007fffb9db0000 - 0x00007fffb9e3d000 	C:\Program Files\Apache NetBeans\jdk\bin\msvcp140.dll
0x00007fff454d0000 - 0x00007fff4634c000 	C:\Program Files\Apache NetBeans\jdk\bin\server\jvm.dll
0x00007ff80c140000 - 0x00007ff80c1f6000 	C:\WINDOWS\System32\ADVAPI32.dll
0x00007ff80c300000 - 0x00007ff80c3a7000 	C:\WINDOWS\System32\sechost.dll
0x00007ff80e170000 - 0x00007ff80e288000 	C:\WINDOWS\System32\RPCRT4.dll
0x00007ff80dbd0000 - 0x00007ff80dc50000 	C:\WINDOWS\System32\WS2_32.dll
0x00007ff80ac70000 - 0x00007ff80acce000 	C:\WINDOWS\SYSTEM32\POWRPROF.dll
0x00007ff803120000 - 0x00007ff803156000 	C:\WINDOWS\SYSTEM32\WINMM.dll
0x00007ff802630000 - 0x00007ff80263b000 	C:\WINDOWS\SYSTEM32\VERSION.dll
0x00007ff80ac50000 - 0x00007ff80ac64000 	C:\WINDOWS\SYSTEM32\UMPDC.dll
0x00007ff809b60000 - 0x00007ff809b7b000 	C:\WINDOWS\SYSTEM32\kernel.appcore.dll
0x00007ff801df0000 - 0x00007ff801dfa000 	C:\Program Files\Apache NetBeans\jdk\bin\jimage.dll
0x00007ff808bf0000 - 0x00007ff808e32000 	C:\WINDOWS\SYSTEM32\DBGHELP.DLL
0x00007ff80cdd0000 - 0x00007ff80d153000 	C:\WINDOWS\System32\combase.dll
0x00007ff80d990000 - 0x00007ff80da69000 	C:\WINDOWS\System32\OLEAUT32.dll
0x00007ffff0d40000 - 0x00007ffff0d7b000 	C:\WINDOWS\SYSTEM32\dbgcore.DLL
0x00007ff80b390000 - 0x00007ff80b438000 	C:\WINDOWS\System32\bcryptPrimitives.dll
0x00007ffff7ba0000 - 0x00007ffff7bbe000 	C:\Program Files\Apache NetBeans\jdk\bin\java.dll
0x00007ff80d4f0000 - 0x00007ff80d687000 	C:\WINDOWS\System32\ole32.dll
0x00007ff80c3b0000 - 0x00007ff80cb1e000 	C:\WINDOWS\System32\SHELL32.dll
0x00007ff80b6f0000 - 0x00007ff80bf5c000 	C:\WINDOWS\System32\windows.storage.dll
0x00007ff80c200000 - 0x00007ff80c2f6000 	C:\WINDOWS\System32\SHCORE.dll
0x00007ff80e310000 - 0x00007ff80e376000 	C:\WINDOWS\System32\shlwapi.dll
0x00007ff80ad10000 - 0x00007ff80ad39000 	C:\WINDOWS\SYSTEM32\profapi.dll
0x00007fffb38a0000 - 0x00007fffb3977000 	C:\Program Files\Apache NetBeans\jdk\bin\jsvml.dll
0x00007ffff79a0000 - 0x00007ffff79b0000 	C:\Program Files\Apache NetBeans\jdk\bin\net.dll
0x00007ff80a0f0000 - 0x00007ff80a15c000 	C:\WINDOWS\system32\mswsock.dll
0x00007ffff3d20000 - 0x00007ffff3d36000 	C:\Program Files\Apache NetBeans\jdk\bin\nio.dll
0x00007fffb1350000 - 0x00007fffb14ce000 	C:\Program Files\Apache NetBeans\jdk\bin\awt.dll
0x00007ff8082c0000 - 0x00007ff808360000 	C:\WINDOWS\SYSTEM32\apphelp.dll
0x00007ff8083e0000 - 0x00007ff80848a000 	C:\WINDOWS\system32\uxtheme.dll
0x00007ff80da70000 - 0x00007ff80dbcc000 	C:\WINDOWS\System32\MSCTF.dll
0x00007ff808680000 - 0x00007ff8086af000 	C:\WINDOWS\system32\DWMAPI.DLL
0x00007fffe9440000 - 0x00007fffe954f000 	C:\WINDOWS\system32\opengl32.dll
0x00007fffead00000 - 0x00007fffead2d000 	C:\WINDOWS\SYSTEM32\GLU32.dll
0x00007ff8084c0000 - 0x00007ff808505000 	C:\WINDOWS\SYSTEM32\dxcore.dll
0x00007ffff6900000 - 0x00007ffff6917000 	C:\Program Files\Apache NetBeans\jdk\bin\zip.dll
0x00007fffb7170000 - 0x00007fffb71f7000 	C:\Program Files\Apache NetBeans\jdk\bin\freetype.dll
0x00007fffb1270000 - 0x00007fffb1349000 	C:\Program Files\Apache NetBeans\jdk\bin\fontmanager.dll
0x00007fffe77a0000 - 0x00007fffe78e6000 	C:\WINDOWS\SYSTEM32\textinputframework.dll
0x00007fffe5550000 - 0x00007fffe596f000 	C:\WINDOWS\SYSTEM32\UIAutomationCore.DLL
0x00007ff80cb80000 - 0x00007ff80cc2e000 	C:\WINDOWS\System32\clbcatq.dll
0x00007fffcc570000 - 0x00007fffcc5e6000 	C:\WINDOWS\SYSTEM32\OLEACC.dll
0x00007ff807ee0000 - 0x00007ff808007000 	C:\WINDOWS\SYSTEM32\CoreMessaging.dll
0x00007ff805900000 - 0x00007ff805be2000 	C:\WINDOWS\SYSTEM32\CoreUIComponents.dll
0x00007ff805730000 - 0x00007ff80589a000 	C:\WINDOWS\SYSTEM32\wintypes.dll
0x00007ff80a3f0000 - 0x00007ff80a3fc000 	C:\WINDOWS\SYSTEM32\CRYPTBASE.DLL
0x00007ff806b20000 - 0x00007ff806d4d000 	C:\WINDOWS\SYSTEM32\WindowsCodecs.dll
0x00007fffe92b0000 - 0x00007fffe930a000 	C:\WINDOWS\system32\dataexchange.dll
0x00007ff800620000 - 0x00007ff80086d000 	C:\WINDOWS\system32\twinapi.appcore.dll
0x00007ff801c20000 - 0x00007ff801c36000 	C:\Windows\System32\threadpoolwinrt.dll

JVMTI agents: none

dbghelp: loaded successfully - version: 4.0.5 - missing functions: none
symbol engine: initialized successfully - sym options: 0x614 - pdb path: .;C:\Program Files\Apache NetBeans\jdk\bin;C:\WINDOWS\SYSTEM32;C:\WINDOWS\WinSxS\amd64_microsoft.windows.common-controls_6595b64144ccf1df_6.0.26100.8328_none_3e08182ce334b678;C:\Program Files\Apache NetBeans\jdk\bin\server

VM Arguments:
jvm_args: -Dfile.encoding=UTF-8 --module-path=C:\Users\Nathan\Proyecto1_AjedrezChino\AjedrezChino\build\classes 
java_command: ajedrezchino.Main
java_class_path (initial): C:\Users\Nathan\Proyecto1_AjedrezChino\AjedrezChino\build\classes
Launcher Type: SUN_STANDARD

[Global flags]
     intx CICompilerCount                          = 4                                         {product} {ergonomic}
     uint ConcGCThreads                            = 2                                         {product} {ergonomic}
     uint G1ConcRefinementThreads                  = 8                                         {product} {ergonomic}
   size_t G1HeapRegionSize                         = 1048576                                   {product} {ergonomic}
   size_t InitialHeapSize                          = 130023424                                 {product} {ergonomic}
   size_t MarkStackSize                            = 4194304                                   {product} {ergonomic}
   size_t MarkStackSizeMax                         = 536870912                                 {product} {ergonomic}
   size_t MaxHeapSize                              = 2078277632                                {product} {ergonomic}
   size_t MaxNewSize                               = 1246756864                                {product} {ergonomic}
   size_t MinHeapDeltaBytes                        = 1048576                                   {product} {ergonomic}
   size_t MinHeapSize                              = 8388608                                   {product} {ergonomic}
    uintx NonNMethodCodeHeapSize                   = 5832704                                {pd product} {ergonomic}
    uintx NonProfiledCodeHeapSize                  = 122945536                              {pd product} {ergonomic}
    uintx ProfiledCodeHeapSize                     = 122880000                              {pd product} {ergonomic}
    uintx ReservedCodeCacheSize                    = 251658240                              {pd product} {ergonomic}
     bool SegmentedCodeCache                       = true                                      {product} {ergonomic}
   size_t SoftMaxHeapSize                          = 2078277632                             {manageable} {ergonomic}
     bool UseCompressedOops                        = true                           {product lp64_product} {ergonomic}
     bool UseG1GC                                  = true                                      {product} {ergonomic}
     bool UseLargePagesIndividualAllocation        = false                                  {pd product} {ergonomic}

Logging:
Log output configuration:
 #0: stdout all=warning uptime,level,tags foldmultilines=false
 #1: stderr all=off uptime,level,tags foldmultilines=false

Environment Variables:
JAVA_HOME=C:\Program Files\BellSoft\LibericaJDK-17-Full\
PATH=C:\Program Files\Common Files\Oracle\Java\javapath;C:\Program Files\BellSoft\LibericaJDK-17-Full\bin\;C:\WINDOWS\system32;C:\WINDOWS;C:\WINDOWS\System32\Wbem;C:\WINDOWS\System32\WindowsPowerShell\v1.0\;C:\WINDOWS\System32\OpenSSH\;C:\Program Files\dotnet\;D:\NathanUNITEC\bin;C:\Users\Nathan\AppData\Local\Programs\Python\Launcher\;C:\Users\Nathan\AppData\Local\Microsoft\WindowsApps;C:\Users\Nathan\AppData\Local\Programs\Microsoft VS Code\bin;C:\Users\Nathan\AppData\Local\GitHubDesktop\bin;C:\Users\Nathan\AppData\Local\Programs\cursor\resources\app\bin;
USERNAME=Nathan
OS=Windows_NT
PROCESSOR_IDENTIFIER=Intel64 Family 6 Model 140 Stepping 1, GenuineIntel
TMP=C:\Users\Nathan\AppData\Local\Temp
TEMP=C:\Users\Nathan\AppData\Local\Temp




Periodic native trim disabled

---------------  S Y S T E M  ---------------

OS:
 Windows 11 , 64 bit Build 26100 (10.0.26100.8328)
OS uptime: 7 days 7:51 hours
Hyper-V role detected

CPU: total 8 (initial active 8) (4 cores per cpu, 2 threads per core) family 6 model 140 stepping 1 microcode 0xbe, cx8, cmov, fxsr, ht, mmx, 3dnowpref, sse, sse2, sse3, ssse3, sse4.1, sse4.2, popcnt, lzcnt, tsc, tscinvbit, avx, avx2, aes, erms, clmul, bmi1, bmi2, adx, avx512f, avx512dq, avx512cd, avx512bw, avx512vl, sha, fma, vzeroupper, avx512_vpopcntdq, avx512_vpclmulqdq, avx512_vaes, avx512_vnni, clflush, clflushopt, clwb, avx512_vbmi2, avx512_vbmi, hv, rdtscp, rdpid, fsrm, gfni, avx512_bitalg, f16c, cet_ibt, cet_ss, avx512_ifma
Processor Information for the first 8 processors :
  Max Mhz: 2419, Current Mhz: 2419, Mhz Limit: 2419

Memory: 4k page, system-wide physical 7926M (590M free)
TotalPageFile size 25318M (AvailPageFile size 9M)
current process WorkingSet (physical memory assigned to process): 24M, peak: 124M
current process commit charge ("private bytes"): 230M, peak: 258M

vm_info: OpenJDK 64-Bit Server VM (24.0.1+9) for windows-amd64 JRE (24.0.1+9) (Zulu24.30+11-CA), built on 2025-03-21T13:52:34Z with MS VC++ 17.1 (VS2022)

END.
